0 info it worked if it ends with ok
1 verbose cli [ 'node', '/usr/local/bin/npm', 'publish' ]
2 info using npm@1.3.24
3 info using node@v0.10.25
4 verbose publish [ '.' ]
5 verbose cache add [ '.', null ]
6 verbose cache add name=undefined spec="." args=[".",null]
7 verbose parsed url { protocol: null,
7 verbose parsed url   slashes: null,
7 verbose parsed url   auth: null,
7 verbose parsed url   host: null,
7 verbose parsed url   port: null,
7 verbose parsed url   hostname: null,
7 verbose parsed url   hash: null,
7 verbose parsed url   search: null,
7 verbose parsed url   query: null,
7 verbose parsed url   pathname: '.',
7 verbose parsed url   path: '.',
7 verbose parsed url   href: '.' }
8 silly lockFile 3a52ce78- .
9 verbose lock . /Users/Wildhoney/.npm/3a52ce78-.lock
10 verbose tar pack [ '/var/folders/x1/1qs6hn2n0_1_3f6rdcp0854h0000gn/T/npm-62368-MpoAxUHA/1391736626250-0.7779083109926432/tmp.tgz',
10 verbose tar pack   '.' ]
11 verbose tarball /var/folders/x1/1qs6hn2n0_1_3f6rdcp0854h0000gn/T/npm-62368-MpoAxUHA/1391736626250-0.7779083109926432/tmp.tgz
12 verbose folder .
13 info prepublish tidal@0.1.0
14 silly lockFile 1f1177db-tar tar://.
15 verbose lock tar://. /Users/Wildhoney/.npm/1f1177db-tar.lock
16 silly lockFile 00724efa-26250-0-7779083109926432-tmp-tgz tar:///var/folders/x1/1qs6hn2n0_1_3f6rdcp0854h0000gn/T/npm-62368-MpoAxUHA/1391736626250-0.7779083109926432/tmp.tgz
17 verbose lock tar:///var/folders/x1/1qs6hn2n0_1_3f6rdcp0854h0000gn/T/npm-62368-MpoAxUHA/1391736626250-0.7779083109926432/tmp.tgz /Users/Wildhoney/.npm/00724efa-26250-0-7779083109926432-tmp-tgz.lock
18 silly lockFile 1f1177db-tar tar://.
19 silly lockFile 1f1177db-tar tar://.
20 silly lockFile 00724efa-26250-0-7779083109926432-tmp-tgz tar:///var/folders/x1/1qs6hn2n0_1_3f6rdcp0854h0000gn/T/npm-62368-MpoAxUHA/1391736626250-0.7779083109926432/tmp.tgz
21 silly lockFile 00724efa-26250-0-7779083109926432-tmp-tgz tar:///var/folders/x1/1qs6hn2n0_1_3f6rdcp0854h0000gn/T/npm-62368-MpoAxUHA/1391736626250-0.7779083109926432/tmp.tgz
22 verbose tar unpack /var/folders/x1/1qs6hn2n0_1_3f6rdcp0854h0000gn/T/npm-62368-MpoAxUHA/1391736626250-0.7779083109926432/tmp.tgz
23 silly lockFile 9edd1c25-26250-0-7779083109926432-package tar:///var/folders/x1/1qs6hn2n0_1_3f6rdcp0854h0000gn/T/npm-62368-MpoAxUHA/1391736626250-0.7779083109926432/package
24 verbose lock tar:///var/folders/x1/1qs6hn2n0_1_3f6rdcp0854h0000gn/T/npm-62368-MpoAxUHA/1391736626250-0.7779083109926432/package /Users/Wildhoney/.npm/9edd1c25-26250-0-7779083109926432-package.lock
25 silly lockFile 00724efa-26250-0-7779083109926432-tmp-tgz tar:///var/folders/x1/1qs6hn2n0_1_3f6rdcp0854h0000gn/T/npm-62368-MpoAxUHA/1391736626250-0.7779083109926432/tmp.tgz
26 verbose lock tar:///var/folders/x1/1qs6hn2n0_1_3f6rdcp0854h0000gn/T/npm-62368-MpoAxUHA/1391736626250-0.7779083109926432/tmp.tgz /Users/Wildhoney/.npm/00724efa-26250-0-7779083109926432-tmp-tgz.lock
27 silly gunzTarPerm modes [ '755', '644' ]
28 silly gunzTarPerm extractEntry package.json
29 silly gunzTarPerm extractEntry .npmignore
30 silly gunzTarPerm extractEntry README.md
31 silly gunzTarPerm extractEntry bin/tidal.js
32 silly gunzTarPerm extractEntry public/bower.json
33 silly gunzTarPerm extractEntry public/css/default.css
34 silly gunzTarPerm extractEntry public/index.html
35 silly gunzTarPerm extractEntry public/js/Application.js
36 silly lockFile 9edd1c25-26250-0-7779083109926432-package tar:///var/folders/x1/1qs6hn2n0_1_3f6rdcp0854h0000gn/T/npm-62368-MpoAxUHA/1391736626250-0.7779083109926432/package
37 silly lockFile 9edd1c25-26250-0-7779083109926432-package tar:///var/folders/x1/1qs6hn2n0_1_3f6rdcp0854h0000gn/T/npm-62368-MpoAxUHA/1391736626250-0.7779083109926432/package
38 silly lockFile 00724efa-26250-0-7779083109926432-tmp-tgz tar:///var/folders/x1/1qs6hn2n0_1_3f6rdcp0854h0000gn/T/npm-62368-MpoAxUHA/1391736626250-0.7779083109926432/tmp.tgz
39 silly lockFile 00724efa-26250-0-7779083109926432-tmp-tgz tar:///var/folders/x1/1qs6hn2n0_1_3f6rdcp0854h0000gn/T/npm-62368-MpoAxUHA/1391736626250-0.7779083109926432/tmp.tgz
40 verbose tar pack [ '/Users/Wildhoney/.npm/tidal/0.1.0/package.tgz',
40 verbose tar pack   '/var/folders/x1/1qs6hn2n0_1_3f6rdcp0854h0000gn/T/npm-62368-MpoAxUHA/1391736626250-0.7779083109926432/package' ]
41 verbose tarball /Users/Wildhoney/.npm/tidal/0.1.0/package.tgz
42 verbose folder /var/folders/x1/1qs6hn2n0_1_3f6rdcp0854h0000gn/T/npm-62368-MpoAxUHA/1391736626250-0.7779083109926432/package
43 silly lockFile 9edd1c25-26250-0-7779083109926432-package tar:///var/folders/x1/1qs6hn2n0_1_3f6rdcp0854h0000gn/T/npm-62368-MpoAxUHA/1391736626250-0.7779083109926432/package
44 verbose lock tar:///var/folders/x1/1qs6hn2n0_1_3f6rdcp0854h0000gn/T/npm-62368-MpoAxUHA/1391736626250-0.7779083109926432/package /Users/Wildhoney/.npm/9edd1c25-26250-0-7779083109926432-package.lock
45 silly lockFile 3442898a-oney-npm-tidal-0-1-0-package-tgz tar:///Users/Wildhoney/.npm/tidal/0.1.0/package.tgz
46 verbose lock tar:///Users/Wildhoney/.npm/tidal/0.1.0/package.tgz /Users/Wildhoney/.npm/3442898a-oney-npm-tidal-0-1-0-package-tgz.lock
47 silly lockFile 9edd1c25-26250-0-7779083109926432-package tar:///var/folders/x1/1qs6hn2n0_1_3f6rdcp0854h0000gn/T/npm-62368-MpoAxUHA/1391736626250-0.7779083109926432/package
48 silly lockFile 9edd1c25-26250-0-7779083109926432-package tar:///var/folders/x1/1qs6hn2n0_1_3f6rdcp0854h0000gn/T/npm-62368-MpoAxUHA/1391736626250-0.7779083109926432/package
49 silly lockFile 3442898a-oney-npm-tidal-0-1-0-package-tgz tar:///Users/Wildhoney/.npm/tidal/0.1.0/package.tgz
50 silly lockFile 3442898a-oney-npm-tidal-0-1-0-package-tgz tar:///Users/Wildhoney/.npm/tidal/0.1.0/package.tgz
51 silly lockFile b2555247-ildhoney-npm-tidal-0-1-0-package /Users/Wildhoney/.npm/tidal/0.1.0/package
52 verbose lock /Users/Wildhoney/.npm/tidal/0.1.0/package /Users/Wildhoney/.npm/b2555247-ildhoney-npm-tidal-0-1-0-package.lock
53 silly lockFile b2555247-ildhoney-npm-tidal-0-1-0-package /Users/Wildhoney/.npm/tidal/0.1.0/package
54 silly lockFile b2555247-ildhoney-npm-tidal-0-1-0-package /Users/Wildhoney/.npm/tidal/0.1.0/package
55 verbose tar unpack /Users/Wildhoney/.npm/tidal/0.1.0/package.tgz
56 silly lockFile 0920a8c6-ildhoney-npm-tidal-0-1-0-package tar:///Users/Wildhoney/.npm/tidal/0.1.0/package
57 verbose lock tar:///Users/Wildhoney/.npm/tidal/0.1.0/package /Users/Wildhoney/.npm/0920a8c6-ildhoney-npm-tidal-0-1-0-package.lock
58 silly lockFile 3442898a-oney-npm-tidal-0-1-0-package-tgz tar:///Users/Wildhoney/.npm/tidal/0.1.0/package.tgz
59 verbose lock tar:///Users/Wildhoney/.npm/tidal/0.1.0/package.tgz /Users/Wildhoney/.npm/3442898a-oney-npm-tidal-0-1-0-package-tgz.lock
60 silly gunzTarPerm modes [ '755', '644' ]
61 silly gunzTarPerm extractEntry package.json
62 silly gunzTarPerm extractEntry .npmignore
63 silly gunzTarPerm extractEntry README.md
64 silly gunzTarPerm extractEntry bin/tidal.js
65 silly gunzTarPerm extractEntry public/bower.json
66 silly gunzTarPerm extractEntry public/css/default.css
67 silly gunzTarPerm extractEntry public/index.html
68 silly gunzTarPerm extractEntry public/js/Application.js
69 silly lockFile 0920a8c6-ildhoney-npm-tidal-0-1-0-package tar:///Users/Wildhoney/.npm/tidal/0.1.0/package
70 silly lockFile 0920a8c6-ildhoney-npm-tidal-0-1-0-package tar:///Users/Wildhoney/.npm/tidal/0.1.0/package
71 silly lockFile 3442898a-oney-npm-tidal-0-1-0-package-tgz tar:///Users/Wildhoney/.npm/tidal/0.1.0/package.tgz
72 silly lockFile 3442898a-oney-npm-tidal-0-1-0-package-tgz tar:///Users/Wildhoney/.npm/tidal/0.1.0/package.tgz
73 verbose chmod /Users/Wildhoney/.npm/tidal/0.1.0/package.tgz 644
74 verbose chown /Users/Wildhoney/.npm/tidal/0.1.0/package.tgz [ 501, 20 ]
75 silly lockFile 3a52ce78- .
76 silly lockFile 3a52ce78- .
77 silly publish { name: 'tidal',
77 silly publish   version: '0.1.0',
77 silly publish   description: 'Socket.io benchmarking with realtime web-based statistics.',
77 silly publish   main: 'bin/tidal.js',
77 silly publish   scripts: { test: 'grunt test' },
77 silly publish   repository:
77 silly publish    { type: 'git',
77 silly publish      url: 'https://github.com/Wildhoney/Socket.io-Benchmark.git' },
77 silly publish   author: { name: 'Adam Timberlake', email: 'adam.timberlake@gmail.com' },
77 silly publish   license: 'MIT',
77 silly publish   bugs: { url: 'https://github.com/Wildhoney/Socket.io-Benchmark/issues' },
77 silly publish   bin: { tidal: './bin/tidal.js' },
77 silly publish   homepage: 'https://github.com/Wildhoney/Socket.io-Benchmark',
77 silly publish   dependencies: { 'socket.io-client': '~0.9.16', express: '~3.4.8' },
77 silly publish   readme: 'Tidal.js\n===================\n\nStress testing Socket.io connections with user specified concurrency and memory profiling.\n',
77 silly publish   readmeFilename: 'README.md',
77 silly publish   _id: 'tidal@0.1.0',
77 silly publish   dist: { shasum: 'd4409e69dff5d4bed2570f4657582f43b3ae2295' },
77 silly publish   _from: '.' }
78 verbose url raw tidal
79 verbose url resolving [ 'https://registry.npmjs.org/', './tidal' ]
80 verbose url resolved https://registry.npmjs.org/tidal
81 info trying registry request attempt 1 at 01:30:26
82 http PUT https://registry.npmjs.org/tidal
83 http 409 https://registry.npmjs.org/tidal
84 verbose url raw tidal
85 verbose url resolving [ 'https://registry.npmjs.org/', './tidal' ]
86 verbose url resolved https://registry.npmjs.org/tidal
87 info trying registry request attempt 1 at 01:30:27
88 http GET https://registry.npmjs.org/tidal
89 http 200 https://registry.npmjs.org/tidal
90 error publish fail Cannot publish over existing version.
90 error publish fail Update the 'version' field in package.json and try again.
90 error publish fail
90 error publish fail If the previous version was published in error, see:
90 error publish fail     npm help unpublish
90 error publish fail
90 error publish fail To automatically increment version numbers, see:
90 error publish fail     npm help version
91 error System Darwin 12.4.0
92 error command "node" "/usr/local/bin/npm" "publish"
93 error cwd /Users/Wildhoney/Webroot/Socket.io-Benchmark
94 error node -v v0.10.25
95 error npm -v 1.3.24
96 error code EPUBLISHCONFLICT
97 verbose exit [ 1, true ]
